<?xml version="1.0" encoding="UTF-8"?>
<!-- Generated by org.testng.reporters.JUnitReportReporter -->
<testsuite hostname="LTIN259123" failures="0" tests="24" name="TestCases.TC006_HealthInsuranceNewTest" time="164.817" errors="0" timestamp="2024-02-15T13:03:47 IST" skipped="0">
  <testcase classname="TestCases.TC006_HealthInsuranceNewTest" name="test1" time="5.460"/>
  <testcase classname="TestCases.TC006_HealthInsuranceNewTest" name="test1" time="5.475"/>
  <testcase classname="TestCases.TC006_HealthInsuranceNewTest" name="test2" time="2.393"/>
  <testcase classname="TestCases.TC006_HealthInsuranceNewTest" name="test2" time="2.426"/>
  <testcase classname="TestCases.TC006_HealthInsuranceNewTest" name="test3" time="0.072"/>
  <testcase classname="TestCases.TC006_HealthInsuranceNewTest" name="test3" time="0.072"/>
  <testcase classname="TestCases.TC006_HealthInsuranceNewTest" name="test4" time="4.990"/>
  <testcase classname="TestCases.TC006_HealthInsuranceNewTest" name="test4" time="4.976"/>
  <testcase classname="TestCases.TC006_HealthInsuranceNewTest" name="test5" time="2.703"/>
  <testcase classname="TestCases.TC006_HealthInsuranceNewTest" name="test5" time="2.692"/>
  <testcase classname="TestCases.TC006_HealthInsuranceNewTest" name="test6" time="0.085"/>
  <testcase classname="TestCases.TC006_HealthInsuranceNewTest" name="test6" time="0.128"/>
  <testcase classname="TestCases.TC006_HealthInsuranceNewTest" name="test7" time="1.060"/>
  <testcase classname="TestCases.TC006_HealthInsuranceNewTest" name="test7" time="0.529"/>
  <testcase classname="TestCases.TC006_HealthInsuranceNewTest" name="test8" time="30.164"/>
  <testcase classname="TestCases.TC006_HealthInsuranceNewTest" name="test8" time="32.512"/>
  <testcase classname="TestCases.TC006_HealthInsuranceNewTest" name="test9" time="3.728"/>
  <testcase classname="TestCases.TC006_HealthInsuranceNewTest" name="test9" time="3.058"/>
  <testcase classname="TestCases.TC006_HealthInsuranceNewTest" name="test10" time="12.192"/>
  <testcase classname="TestCases.TC006_HealthInsuranceNewTest" name="test10" time="12.205"/>
  <testcase classname="TestCases.TC006_HealthInsuranceNewTest" name="test11" time="12.228"/>
  <testcase classname="TestCases.TC006_HealthInsuranceNewTest" name="test11" time="12.113"/>
  <testcase classname="TestCases.TC006_HealthInsuranceNewTest" name="test12" time="6.980"/>
  <testcase classname="TestCases.TC006_HealthInsuranceNewTest" name="test12" time="6.576"/>
</testsuite> <!-- TestCases.TC006_HealthInsuranceNewTest -->
